<?xml version="1.0" encoding="UTF-8"?>
<!-- Generated by org.testng.reporters.JUnitReportReporter -->
<testsuite skipped="0" hostname="DESKTOP-3IVAAG9" name="test.NewTest" tests="1" failures="0" timestamp="01 Oct 2018 07:15:41 GMT" time="16.358" errors="0">
  <testcase name="OpenMyBlog" time="16.358" classname="test.NewTest"/>
</testsuite> <!-- test.NewTest -->
